[2025-12-18 20:18:29.504] [jointLog] [info] setting maxHashResizeThreads to 4
[2025-12-18 20:18:29.504] [jointLog] [info] Fragment incompatibility prior below threshold.  Incompatible fragments will be ignored.
[2025-12-18 20:18:29.504] [jointLog] [info] Usage of --validateMappings implies use of minScoreFraction. Since not explicitly specified, it is being set to 0.65
[2025-12-18 20:18:29.504] [jointLog] [info] Setting consensusSlack to selective-alignment default of 0.35.
[2025-12-18 20:18:29.504] [jointLog] [info] parsing read library format
[2025-12-18 20:18:29.504] [jointLog] [info] There is 1 library.
[2025-12-18 20:18:29.512] [jointLog] [info] Loading pufferfish index
[2025-12-18 20:18:29.515] [jointLog] [info] Loading dense pufferfish index.
[2025-12-18 20:18:29.692] [jointLog] [info] done
[2025-12-18 20:18:29.954] [jointLog] [info] Index contained 679 targets
[2025-12-18 20:18:29.954] [jointLog] [info] Number of decoys : 0
[2025-12-18 20:18:30.318] [jointLog] [info] Computed 508 rich equivalence classes for further processing
[2025-12-18 20:18:30.318] [jointLog] [info] Counted 1328 total reads in the equivalence classes 
[2025-12-18 20:18:30.354] [jointLog] [info] Number of mappings discarded because of alignment score : 0
[2025-12-18 20:18:30.354] [jointLog] [info] Number of fragments entirely discarded because of alignment score : 0
[2025-12-18 20:18:30.354] [jointLog] [info] Number of fragments discarded because they are best-mapped to decoys : 0
[2025-12-18 20:18:30.354] [jointLog] [info] Number of fragments discarded because they have only dovetail (discordant) mappings to valid targets : 215
[2025-12-18 20:18:30.355] [jointLog] [warning] Only 1328 fragments were mapped, but the number of burn-in fragments was set to 5000000.
The effective lengths have been computed using the observed mappings.

[2025-12-18 20:18:30.355] [jointLog] [info] Mapping rate = 100%

[2025-12-18 20:18:30.355] [jointLog] [info] finished quantifyLibrary()
[2025-12-18 20:18:30.496] [jointLog] [info] Starting optimizer
[2025-12-18 20:18:30.611] [jointLog] [info] Marked 0 weighted equivalence classes as degenerate
[2025-12-18 20:18:30.611] [jointLog] [info] iteration = 0 | max rel diff. = 59.0466
[2025-12-18 20:18:30.633] [jointLog] [info] iteration = 100 | max rel diff. = 4.83134
[2025-12-18 20:18:30.633] [jointLog] [info] iteration = 104 | max rel diff. = 0.00513891
[2025-12-18 20:18:30.633] [jointLog] [info] Finished optimizer
[2025-12-18 20:18:30.633] [jointLog] [info] writing output 

[2025-12-18 20:18:30.319] [fileLog] [info] 
At end of round 0
==================
Observed 1328 total fragments (1328 in most recent round)

[2025-12-18 20:18:30.765] [jointLog] [warning] NOTE: Read Lib [[ Fastqs/MaggieSimpson_R1.fastq.gz, Fastqs/MaggieSimpson_R2.fastq.gz]] :

Detected a *potential* strand bias > 1% in an unstranded protocol check the file: Salmon/MaggieSimpson/lib_format_counts.json for details

