[2025-12-17 21:02:55,525] multiqc                                            [DEBUG  ]  This is MultiQC v1.18
[2025-12-17 21:02:55,525] multiqc                                            [DEBUG  ]  Command used: /usr/bin/multiqc resultados/fastqc_reports -o resultados/fastqc_reports --force --quiet --title QC RNA-seq Obesidad
[2025-12-17 21:02:57,079] multiqc                                            [WARNING]  MultiQC Version v1.33 now available!
[2025-12-17 21:02:57,079] multiqc                                            [DEBUG  ]  Working dir : /home/melissa/Documents/Máster bioinformática 2025-2027/Secuenciación y ómicas de próxima generación/Actividades/Actividades  2/Actividad 2
[2025-12-17 21:02:57,079] multiqc                                            [DEBUG  ]  Template    : default
[2025-12-17 21:02:57,079] multiqc                                            [DEBUG  ]  Running Python 3.12.3 (main, Nov  6 2025, 13:44:16) [GCC 13.3.0]
[2025-12-17 21:02:57,080] multiqc                                            [INFO   ]  Report title: QC RNA-seq Obesidad
[2025-12-17 21:02:57,080] multiqc                                            [DEBUG  ]  Analysing modules: custom_content, ccs, ngsderive, purple, conpair, lima, peddy, somalier, methylQA, mosdepth, phantompeakqualtools, qualimap, preseq, hifiasm, quast, qorts, rna_seqc, rockhopper, rsem, rseqc, busco, bustools, goleft_indexcov, gffcompare, disambiguate, supernova, deeptools, sargasso, verifybamid, mirtrace, happy, mirtop, sambamba, gopeaks, homer, hops, macs2, theta2, snpeff, gatk, htseq, bcftools, featureCounts, fgbio, dragen, dragen_fastqc, dedup, pbmarkdup, damageprofiler, mapdamage, biobambam2, jcvi, mtnucratio, picard, vep, bakta, prokka, qc3C, nanostat, samblaster, samtools, sexdeterrmine, seqera_cli, eigenstratdatabasetools, bamtools, jellyfish, vcftools, longranger, stacks, varscan2, snippy, umitools, truvari, bbmap, bismark, biscuit, diamond, hicexplorer, hicup, hicpro, salmon, kallisto, slamdunk, star, hisat2, tophat, bowtie2, bowtie1, cellranger, snpsplit, odgi, pangolin, nextclade, freyja, humid, kat, leehom, librarian, adapterRemoval, bbduk, clipandmerge, cutadapt, flexbar, sourmash, kaiju, bracken, kraken, malt, motus, trimmomatic, sickle, skewer, sortmerna, biobloomtools, fastq_screen, afterqc, fastp, fastqc, filtlong, prinseqplusplus, pychopper, porechop, pycoqc, minionqc, anglerfish, multivcfanalyzer, clusterflow, checkqc, bcl2fastq, bclconvert, interop, ivar, flash, seqyclean, optitype, whatshap, xenome, xengsort
[2025-12-17 21:02:57,080] multiqc                                            [DEBUG  ]  Using temporary directory for creating report: /tmp/tmp6z0g7izi
[2025-12-17 21:02:57,081] multiqc                                            [INFO   ]  Search path : /home/melissa/Documents/Máster bioinformática 2025-2027/Secuenciación y ómicas de próxima generación/Actividades/Actividades  2/Actividad 2/resultados/fastqc_reports
[2025-12-17 21:02:57,180] multiqc                                            [DEBUG  ]  Summary of files that were skipped by the search: [skipped_module_specific_max_filesize: 60] // [skipped_no_match: 5]
[2025-12-17 21:02:59,279] multiqc.plots.bargraph                             [DEBUG  ]  Using matplotlib version 3.6.3
[2025-12-17 21:02:59,279] multiqc.plots.linegraph                            [DEBUG  ]  Using matplotlib version 3.6.3
[2025-12-17 21:02:59,280] multiqc                                            [DEBUG  ]  No samples found: custom_content
[2025-12-17 21:02:59,285] multiqc.modules.fastqc.fastqc                      [INFO   ]  Found 5 reports
[2025-12-17 21:02:59,308] multiqc.utils.software_versions                    [DEBUG  ]  Reading software versions from config.software_versions
[2025-12-17 21:02:59,312] multiqc                                            [DEBUG  ]  Compressing plot data
[2025-12-17 21:02:59,341] multiqc                                            [INFO   ]  Report      : resultados/fastqc_reports/QC-RNA-seq-Obesidad_multiqc_report.html
[2025-12-17 21:02:59,341] multiqc                                            [INFO   ]  Data        : resultados/fastqc_reports/QC-RNA-seq-Obesidad_multiqc_report_data
[2025-12-17 21:02:59,341] multiqc                                            [DEBUG  ]  Moving data file from '/tmp/tmp6z0g7izi/multiqc_data' to 'resultados/fastqc_reports/QC-RNA-seq-Obesidad_multiqc_report_data'
[2025-12-17 21:02:59,342] multiqc                                            [DEBUG  ]  Full report path: /home/melissa/Documents/Máster bioinformática 2025-2027/Secuenciación y ómicas de próxima generación/Actividades/Actividades  2/Actividad 2/resultados/fastqc_reports/QC-RNA-seq-Obesidad_multiqc_report.html
[2025-12-17 21:02:59,365] multiqc                                            [ERROR  ]  Could not include file 'assets/js/packages/jszip.min.js': [Errno 2] No such file or directory: '/tmp/tmp6z0g7izi/assets/js/packages/jszip.min.js'
[2025-12-17 21:02:59,414] multiqc                                            [INFO   ]  MultiQC complete
