[2025-12-18 20:18:31.743] [jointLog] [info] setting maxHashResizeThreads to 4
[2025-12-18 20:18:31.743] [jointLog] [info] Fragment incompatibility prior below threshold.  Incompatible fragments will be ignored.
[2025-12-18 20:18:31.743] [jointLog] [info] Usage of --validateMappings implies use of minScoreFraction. Since not explicitly specified, it is being set to 0.65
[2025-12-18 20:18:31.743] [jointLog] [info] Setting consensusSlack to selective-alignment default of 0.35.
[2025-12-18 20:18:31.743] [jointLog] [info] parsing read library format
[2025-12-18 20:18:31.743] [jointLog] [info] There is 1 library.
[2025-12-18 20:18:31.766] [jointLog] [info] Loading pufferfish index
[2025-12-18 20:18:31.767] [jointLog] [info] Loading dense pufferfish index.
[2025-12-18 20:18:32.093] [jointLog] [info] done
[2025-12-18 20:18:32.777] [jointLog] [info] Index contained 679 targets
[2025-12-18 20:18:32.777] [jointLog] [info] Number of decoys : 0
[2025-12-18 20:18:33.502] [jointLog] [info] Computed 483 rich equivalence classes for further processing
[2025-12-18 20:18:33.502] [jointLog] [info] Counted 1328 total reads in the equivalence classes 
[2025-12-18 20:18:33.506] [jointLog] [info] Number of mappings discarded because of alignment score : 28
[2025-12-18 20:18:33.506] [jointLog] [info] Number of fragments entirely discarded because of alignment score : 0
[2025-12-18 20:18:33.506] [jointLog] [info] Number of fragments discarded because they are best-mapped to decoys : 0
[2025-12-18 20:18:33.506] [jointLog] [info] Number of fragments discarded because they have only dovetail (discordant) mappings to valid targets : 182
[2025-12-18 20:18:33.506] [jointLog] [warning] Only 1328 fragments were mapped, but the number of burn-in fragments was set to 5000000.
The effective lengths have been computed using the observed mappings.

[2025-12-18 20:18:33.506] [jointLog] [info] Mapping rate = 100%

[2025-12-18 20:18:33.506] [jointLog] [info] finished quantifyLibrary()
[2025-12-18 20:18:33.543] [jointLog] [info] Starting optimizer
[2025-12-18 20:18:33.545] [jointLog] [info] Marked 0 weighted equivalence classes as degenerate
[2025-12-18 20:18:33.545] [jointLog] [info] iteration = 0 | max rel diff. = 75.7512
[2025-12-18 20:18:33.564] [jointLog] [info] iteration = 100 | max rel diff. = 10.5079
[2025-12-18 20:18:33.564] [jointLog] [info] iteration = 102 | max rel diff. = 0.00652848
[2025-12-18 20:18:33.564] [jointLog] [info] Finished optimizer
[2025-12-18 20:18:33.564] [jointLog] [info] writing output 

[2025-12-18 20:18:33.669] [jointLog] [warning] NOTE: Read Lib [[ Fastqs/MargeSimpson_R1.fastq.gz, Fastqs/MargeSimpson_R2.fastq.gz]] :

Detected a *potential* strand bias > 1% in an unstranded protocol check the file: Salmon/MargeSimpson/lib_format_counts.json for details

[2025-12-18 20:18:33.503] [fileLog] [info] 
At end of round 0
==================
Observed 1328 total fragments (1328 in most recent round)

