[2025-12-18 20:18:27.756] [jointLog] [info] setting maxHashResizeThreads to 4
[2025-12-18 20:18:27.756] [jointLog] [info] Fragment incompatibility prior below threshold.  Incompatible fragments will be ignored.
[2025-12-18 20:18:27.756] [jointLog] [info] Usage of --validateMappings implies use of minScoreFraction. Since not explicitly specified, it is being set to 0.65
[2025-12-18 20:18:27.756] [jointLog] [info] Setting consensusSlack to selective-alignment default of 0.35.
[2025-12-18 20:18:27.756] [jointLog] [info] parsing read library format
[2025-12-18 20:18:27.756] [jointLog] [info] There is 1 library.
[2025-12-18 20:18:27.761] [jointLog] [info] Loading pufferfish index
[2025-12-18 20:18:27.763] [jointLog] [info] Loading dense pufferfish index.
[2025-12-18 20:18:27.824] [jointLog] [info] done
[2025-12-18 20:18:28.366] [fileLog] [info] 
At end of round 0
==================
Observed 1320 total fragments (1320 in most recent round)

[2025-12-18 20:18:28.120] [jointLog] [info] Index contained 679 targets
[2025-12-18 20:18:28.121] [jointLog] [info] Number of decoys : 0
[2025-12-18 20:18:28.365] [jointLog] [info] Computed 484 rich equivalence classes for further processing
[2025-12-18 20:18:28.365] [jointLog] [info] Counted 1320 total reads in the equivalence classes 
[2025-12-18 20:18:28.369] [jointLog] [info] Number of mappings discarded because of alignment score : 31
[2025-12-18 20:18:28.369] [jointLog] [info] Number of fragments entirely discarded because of alignment score : 0
[2025-12-18 20:18:28.369] [jointLog] [info] Number of fragments discarded because they are best-mapped to decoys : 0
[2025-12-18 20:18:28.369] [jointLog] [info] Number of fragments discarded because they have only dovetail (discordant) mappings to valid targets : 250
[2025-12-18 20:18:28.370] [jointLog] [warning] Only 1320 fragments were mapped, but the number of burn-in fragments was set to 5000000.
The effective lengths have been computed using the observed mappings.

[2025-12-18 20:18:28.370] [jointLog] [info] Mapping rate = 100%

[2025-12-18 20:18:28.370] [jointLog] [info] finished quantifyLibrary()
[2025-12-18 20:18:28.399] [jointLog] [info] Starting optimizer
[2025-12-18 20:18:28.403] [jointLog] [info] Marked 0 weighted equivalence classes as degenerate
[2025-12-18 20:18:28.403] [jointLog] [info] iteration = 0 | max rel diff. = 53.523
[2025-12-18 20:18:28.436] [jointLog] [info] iteration = 100 | max rel diff. = 0.0303607
[2025-12-18 20:18:28.440] [jointLog] [info] iteration = 127 | max rel diff. = 0.00208182
[2025-12-18 20:18:28.440] [jointLog] [info] Finished optimizer
[2025-12-18 20:18:28.440] [jointLog] [info] writing output 

[2025-12-18 20:18:28.498] [jointLog] [warning] NOTE: Read Lib [[ Fastqs/LisaSimpson_R1.fastq.gz, Fastqs/LisaSimpson_R2.fastq.gz]] :

Detected a *potential* strand bias > 1% in an unstranded protocol check the file: Salmon/LisaSimpson/lib_format_counts.json for details

